<?xml version="1.0" encoding="UTF-8"?>
<coverage generated="1781696881568" clover="3.2.0">
  <project timestamp="1781696881569" name="All files">
    <metrics statements="20" coveredstatements="17" conditionals="10" coveredconditionals="9" methods="10" coveredmethods="8" elements="40" coveredelements="34" complexity="0" loc="20" ncloc="20" packages="1" files="1" classes="1"/>
    <file name="taskCommands.js" path="D:\Apps\Git\task-manager-cli\src\commands\taskCommands.js">
      <metrics statements="20" coveredstatements="17" conditionals="10" coveredconditionals="9" methods="10" coveredmethods="8"/>
      <line num="5" count="1" type="stmt"/>
      <line num="6" count="1" type="stmt"/>
      <line num="7" count="1" type="stmt"/>
      <line num="11" count="0" type="stmt"/>
      <line num="12" count="0" type="stmt"/>
      <line num="17" count="0" type="stmt"/>
      <line num="22" count="4" type="cond" truecount="4" falsecount="0"/>
      <line num="23" count="1" type="stmt"/>
      <line num="26" count="3" type="stmt"/>
      <line num="27" count="1" type="cond" truecount="2" falsecount="0"/>
      <line num="33" count="4" type="stmt"/>
      <line num="38" count="2" type="stmt"/>
      <line num="39" count="2" type="cond" truecount="2" falsecount="0"/>
      <line num="40" count="1" type="stmt"/>
      <line num="42" count="1" type="cond" truecount="1" falsecount="1"/>
      <line num="47" count="3" type="stmt"/>
      <line num="52" count="2" type="stmt"/>
      <line num="53" count="2" type="stmt"/>
      <line num="54" count="2" type="stmt"/>
      <line num="55" count="2" type="stmt"/>
    </file>
  </project>
</coverage>
