{"D:\\Apps\\Git\\task-manager-cli\\src\\commands\\taskCommands.js": {"path":"D:\\Apps\\Git\\task-manager-cli\\src\\commands\\taskCommands.js","statementMap":{"0":{"start":{"line":5,"column":18},"end":{"line":5,"column":49}},"1":{"start":{"line":6,"column":18},"end":{"line":6,"column":42}},"2":{"start":{"line":7,"column":19},"end":{"line":7,"column":61}},"3":{"start":{"line":11,"column":14},"end":{"line":11,"column":50}},"4":{"start":{"line":12,"column":2},"end":{"line":12,"column":25}},"5":{"start":{"line":17,"column":2},"end":{"line":17,"column":63}},"6":{"start":{"line":22,"column":2},"end":{"line":24,"column":3}},"7":{"start":{"line":23,"column":4},"end":{"line":23,"column":61}},"8":{"start":{"line":26,"column":18},"end":{"line":31,"column":3}},"9":{"start":{"line":27,"column":54},"end":{"line":27,"column":58}},"10":{"start":{"line":33,"column":2},"end":{"line":33,"column":29}},"11":{"start":{"line":38,"column":17},"end":{"line":38,"column":45}},"12":{"start":{"line":38,"column":33},"end":{"line":38,"column":44}},"13":{"start":{"line":39,"column":2},"end":{"line":41,"column":3}},"14":{"start":{"line":40,"column":4},"end":{"line":40,"column":55}},"15":{"start":{"line":42,"column":2},"end":{"line":42,"column":66}},"16":{"start":{"line":42,"column":25},"end":{"line":42,"column":63}},"17":{"start":{"line":47,"column":2},"end":{"line":47,"column":40}},"18":{"start":{"line":47,"column":27},"end":{"line":47,"column":38}},"19":{"start":{"line":52,"column":14},"end":{"line":52,"column":24}},"20":{"start":{"line":53,"column":14},"end":{"line":53,"column":32}},"21":{"start":{"line":54,"column":17},"end":{"line":54,"column":62}},"22":{"start":{"line":55,"column":2},"end":{"line":55,"column":52}}},"fnMap":{"0":{"name":"loadTasks","decl":{"start":{"line":10,"column":16},"end":{"line":10,"column":25}},"loc":{"start":{"line":10,"column":28},"end":{"line":13,"column":1}},"line":10},"1":{"name":"saveTasks","decl":{"start":{"line":16,"column":16},"end":{"line":16,"column":25}},"loc":{"start":{"line":16,"column":33},"end":{"line":18,"column":1}},"line":16},"2":{"name":"addTask","decl":{"start":{"line":21,"column":16},"end":{"line":21,"column":23}},"loc":{"start":{"line":21,"column":38},"end":{"line":34,"column":1}},"line":21},"3":{"name":"(anonymous_3)","decl":{"start":{"line":27,"column":49},"end":{"line":27,"column":50}},"loc":{"start":{"line":27,"column":54},"end":{"line":27,"column":58}},"line":27},"4":{"name":"completeTask","decl":{"start":{"line":37,"column":16},"end":{"line":37,"column":28}},"loc":{"start":{"line":37,"column":40},"end":{"line":43,"column":1}},"line":37},"5":{"name":"(anonymous_5)","decl":{"start":{"line":38,"column":28},"end":{"line":38,"column":29}},"loc":{"start":{"line":38,"column":33},"end":{"line":38,"column":44}},"line":38},"6":{"name":"(anonymous_6)","decl":{"start":{"line":42,"column":19},"end":{"line":42,"column":20}},"loc":{"start":{"line":42,"column":25},"end":{"line":42,"column":63}},"line":42},"7":{"name":"deleteTask","decl":{"start":{"line":46,"column":16},"end":{"line":46,"column":26}},"loc":{"start":{"line":46,"column":38},"end":{"line":48,"column":1}},"line":46},"8":{"name":"(anonymous_8)","decl":{"start":{"line":47,"column":22},"end":{"line":47,"column":23}},"loc":{"start":{"line":47,"column":27},"end":{"line":47,"column":38}},"line":47},"9":{"name":"getDaysUntilDeadline","decl":{"start":{"line":51,"column":16},"end":{"line":51,"column":36}},"loc":{"start":{"line":51,"column":47},"end":{"line":56,"column":null}},"line":51}},"branchMap":{"0":{"loc":{"start":{"line":22,"column":2},"end":{"line":24,"column":3}},"type":"if","locations":[{"start":{"line":22,"column":2},"end":{"line":24,"column":3}},{"start":{},"end":{}}],"line":22},"1":{"loc":{"start":{"line":22,"column":6},"end":{"line":22,"column":35}},"type":"binary-expr","locations":[{"start":{"line":22,"column":6},"end":{"line":22,"column":12}},{"start":{"line":22,"column":16},"end":{"line":22,"column":35}}],"line":22},"2":{"loc":{"start":{"line":27,"column":8},"end":{"line":27,"column":68}},"type":"cond-expr","locations":[{"start":{"line":27,"column":27},"end":{"line":27,"column":64}},{"start":{"line":27,"column":67},"end":{"line":27,"column":68}}],"line":27},"3":{"loc":{"start":{"line":39,"column":2},"end":{"line":41,"column":3}},"type":"if","locations":[{"start":{"line":39,"column":2},"end":{"line":41,"column":3}},{"start":{},"end":{}}],"line":39},"4":{"loc":{"start":{"line":42,"column":25},"end":{"line":42,"column":63}},"type":"cond-expr","locations":[{"start":{"line":42,"column":39},"end":{"line":42,"column":59}},{"start":{"line":42,"column":62},"end":{"line":42,"column":63}}],"line":42}},"s":{"0":1,"1":1,"2":1,"3":0,"4":0,"5":0,"6":4,"7":1,"8":3,"9":1,"10":4,"11":2,"12":2,"13":2,"14":1,"15":1,"16":1,"17":2,"18":3,"19":2,"20":2,"21":2,"22":2},"f":{"0":0,"1":0,"2":4,"3":1,"4":2,"5":2,"6":1,"7":2,"8":3,"9":2},"b":{"0":[1,3],"1":[4,3],"2":[1,2],"3":[1,1],"4":[1,0]},"meta":{"lastBranch":5,"lastFunction":10,"lastStatement":23,"seen":{"s:5:18:5:49":0,"s:6:18:6:42":1,"s:7:19:7:61":2,"f:10:16:10:25":0,"s:11:14:11:50":3,"s:12:2:12:25":4,"f:16:16:16:25":1,"s:17:2:17:63":5,"f:21:16:21:23":2,"b:22:2:24:3:undefined:undefined:undefined:undefined":0,"s:22:2:24:3":6,"b:22:6:22:12:22:16:22:35":1,"s:23:4:23:61":7,"s:26:18:31:3":8,"b:27:27:27:64:27:67:27:68":2,"f:27:49:27:50":3,"s:27:54:27:58":9,"s:33:2:33:29":10,"f:37:16:37:28":4,"s:38:17:38:45":11,"f:38:28:38:29":5,"s:38:33:38:44":12,"b:39:2:41:3:undefined:undefined:undefined:undefined":3,"s:39:2:41:3":13,"s:40:4:40:55":14,"s:42:2:42:66":15,"f:42:19:42:20":6,"s:42:25:42:63":16,"b:42:39:42:59:42:62:42:63":4,"f:46:16:46:26":7,"s:47:2:47:40":17,"f:47:22:47:23":8,"s:47:27:47:38":18,"f:51:16:51:36":9,"s:52:14:52:24":19,"s:53:14:53:32":20,"s:54:17:54:62":21,"s:55:2:55:52":22},"fnNames":{}}}
}
